Starting auto_commit script...
Adding changes...
Committing changes...
[main 4086b66] Auto commit on Sun Oct  5 15:52:22 UTC 2025
 2 files changed, 2 insertions(+)
 mode change 100644 => 100755 .devcontainer/auto_commit.sh
 create mode 100644 auto_commit.log
Sleeping for 3 minutes...

Adding changes...
Committing changes...
[main 669a1fe] Auto commit on Sun Oct  5 15:55:22 UTC 2025
 2 files changed, 9 insertions(+), 1 deletion(-)
 rename gp_cover_txt.html => gp_cover.html (95%)
Sleeping for 3 minutes...

Adding changes...
Committing changes...
[main a37e8dd] Auto commit on Sun Oct  5 15:58:22 UTC 2025
 7 files changed, 18 insertions(+), 11 deletions(-)
 rename gp_layout_txt.css => gp_layout.css (87%)
 rename gp_page1_txt.html => gp_page1.html (95%)
 rename gp_page2_txt.html => gp_page2.html (95%)
 rename gp_page3_txt.html => gp_page3.html (95%)
 rename gp_print_txt.css => gp_print.css (77%)
Sleeping for 3 minutes...

Adding changes...
Committing changes...
[main 2a6d557] Auto commit on Sun Oct  5 16:01:22 UTC 2025
 1 file changed, 11 insertions(+)
Sleeping for 3 minutes...

Adding changes...
Committing changes...
[main 0d6ed4e] Auto commit on Sun Oct  5 16:04:22 UTC 2025
 1 file changed, 6 insertions(+)
Sleeping for 3 minutes...

Adding changes...
Committing changes...
[main 5db597c] Auto commit on Sun Oct  5 16:07:22 UTC 2025
 1 file changed, 6 insertions(+)
Sleeping for 3 minutes...

Adding changes...
Committing changes...
[main f575182] Auto commit on Sun Oct  5 16:10:23 UTC 2025
 1 file changed, 6 insertions(+)
Sleeping for 3 minutes...

Adding changes...
Committing changes...
[main 0ff47e4] Auto commit on Sun Oct  5 16:13:23 UTC 2025
 1 file changed, 6 insertions(+)
Sleeping for 3 minutes...

Adding changes...
Committing changes...
[main 31bc128] Auto commit on Sun Oct  5 16:16:23 UTC 2025
 1 file changed, 6 insertions(+)
Sleeping for 3 minutes...

Adding changes...
Committing changes...
[main c3d4649] Auto commit on Sun Oct  5 16:19:23 UTC 2025
 1 file changed, 6 insertions(+)
Sleeping for 3 minutes...

Adding changes...
Committing changes...
[main eb77779] Auto commit on Sun Oct  5 16:22:23 UTC 2025
 2 files changed, 9 insertions(+)
Sleeping for 3 minutes...

Adding changes...
Committing changes...
[main bb432cc] Auto commit on Sun Oct  5 16:25:23 UTC 2025
 5 files changed, 20 insertions(+), 1 deletion(-)
Sleeping for 3 minutes...

Adding changes...
